<?xml version="1.0" encoding="UTF-8"?>
<!-- Generated by org.testng.reporters.JUnitReportReporter -->
<testsuite skipped="0" hostname="DESKTOP-O3E0A86" name="TestCases.TestCase002_Simple_Get_Request_Non_BDD" tests="1" failures="0" timestamp="2020-03-26T16:31:47 IST" time="0.910" errors="0">
  <testcase name="postValidation" time="0.910" classname="TestCases.TestCase002_Simple_Get_Request_Non_BDD"/>
  <system-out/>
</testsuite> <!-- TestCases.TestCase002_Simple_Get_Request_Non_BDD -->
