<?xml version="1.0" encoding="UTF-8"?>
<!-- Generated by org.testng.reporters.JUnitReportReporter -->
<testsuite skipped="0" hostname="DESKTOP-O3E0A86" name="TestCases.TestCase001_Simple_Get_Request_BDD" tests="2" failures="0" timestamp="2020-03-26T16:31:47 IST" time="1.569" errors="0">
  <testcase name="validateEntireBody" time="0.723" classname="TestCases.TestCase001_Simple_Get_Request_BDD"/>
  <system-out/>
  <testcase name="validateGet" time="0.846" classname="TestCases.TestCase001_Simple_Get_Request_BDD"/>
  <system-out/>
</testsuite> <!-- TestCases.TestCase001_Simple_Get_Request_BDD -->
