<?xml version="1.0" encoding="UTF-8"?>
<!-- Generated by org.testng.reporters.JUnitReportReporter -->
<testsuite skipped="0" hostname="DESKTOP-O3E0A86" name="TestCases.TestCase003" tests="2" failures="0" timestamp="2020-03-24T19:21:40 IST" time="3.675" errors="0">
  <testcase name="validatePost" time="2.870" classname="TestCases.TestCase003"/>
  <system-out/>
  <testcase name="validateResponse" time="0.805" classname="TestCases.TestCase003"/>
  <system-out/>
</testsuite> <!-- TestCases.TestCase003 -->
