<?xml version="1.0" encoding="UTF-8"?>
<!-- Generated by org.testng.reporters.JUnitReportReporter -->
<testsuite skipped="0" hostname="DESKTOP-O3E0A86" name="TestCases.TestCase007" tests="1" failures="0" timestamp="2020-03-24T19:21:25 IST" time="2.597" errors="0">
  <testcase name="validatePost" time="2.597" classname="TestCases.TestCase007"/>
  <system-out/>
</testsuite> <!-- TestCases.TestCase007 -->
