<?xml version="1.0" encoding="UTF-8"?>
<!-- Generated by org.testng.reporters.JUnitReportReporter -->
<testsuite skipped="0" hostname="DESKTOP-O3E0A86" name="TestCases.TestCase004" tests="2" failures="0" timestamp="2020-03-24T08:54:09 IST" time="4.480" errors="0">
  <testcase name="validatePutUsingParams" time="0.885" classname="TestCases.TestCase004"/>
  <system-out/>
  <testcase name="validatePut" time="3.595" classname="TestCases.TestCase004"/>
  <system-out/>
</testsuite> <!-- TestCases.TestCase004 -->
