<?xml version="1.0" encoding="UTF-8"?>
<!-- Generated by org.testng.reporters.JUnitReportReporter -->
<testsuite skipped="0" hostname="DESKTOP-O3E0A86" name="TestCases.TestCase006" tests="2" failures="0" timestamp="2020-03-24T12:06:25 IST" time="7.806" errors="0">
  <testcase name="validateSpecificBody" time="2.940" classname="TestCases.TestCase006"/>
  <system-out/>
  <testcase name="validate4" time="4.866" classname="TestCases.TestCase006"/>
  <system-out/>
</testsuite> <!-- TestCases.TestCase006 -->
