<?xml version="1.0" encoding="UTF-8"?>
<!-- Generated by org.testng.reporters.JUnitReportReporter -->
<testsuite skipped="0" hostname="DESKTOP-O3E0A86" name="TestCases.TestCase003_Post_Request_Using_HashMap" tests="2" failures="0" timestamp="2020-03-25T21:19:37 IST" time="4.418" errors="0">
  <testcase name="validatePost" time="3.519" classname="TestCases.TestCase003_Post_Request_Using_HashMap"/>
  <system-out/>
  <testcase name="validateResponse" time="0.899" classname="TestCases.TestCase003_Post_Request_Using_HashMap"/>
  <system-out/>
</testsuite> <!-- TestCases.TestCase003_Post_Request_Using_HashMap -->
