<?xml version="1.0" encoding="UTF-8"?>
<!-- Generated by org.testng.reporters.JUnitReportReporter -->
<testsuite skipped="0" hostname="DESKTOP-O3E0A86" name="TestCases.TestCase004" tests="2" failures="0" timestamp="2020-03-24T12:15:12 IST" time="1.805" errors="0">
  <testcase name="validatePutUsingParams" time="0.886" classname="TestCases.TestCase004"/>
  <system-out/>
  <testcase name="validatePut" time="0.919" classname="TestCases.TestCase004"/>
  <system-out/>
</testsuite> <!-- TestCases.TestCase004 -->
