<?xml version="1.0" encoding="UTF-8"?>
<!-- Generated by org.testng.reporters.JUnitReportReporter -->
<testsuite skipped="0" hostname="DESKTOP-O3E0A86" name="TestCases.TestCase003_Post_Request_Using_JsonObject" tests="1" failures="0" timestamp="2020-03-26T16:34:53 IST" time="0.939" errors="0">
  <testcase name="validateResponseUsingJsonFile" time="0.939" classname="TestCases.TestCase003_Post_Request_Using_JsonObject"/>
  <system-out/>
</testsuite> <!-- TestCases.TestCase003_Post_Request_Using_JsonObject -->
