<?xml version="1.0" encoding="UTF-8"?>
<!-- Generated by org.testng.reporters.JUnitReportReporter -->
<testsuite skipped="0" hostname="DESKTOP-O3E0A86" name="TestCases.TestCase006" tests="2" failures="0" timestamp="2020-03-24T12:15:12 IST" time="5.002" errors="0">
  <testcase name="validate4" time="2.960" classname="TestCases.TestCase006"/>
  <system-out/>
  <testcase name="validateSpecificBody" time="2.042" classname="TestCases.TestCase006"/>
  <system-out/>
</testsuite> <!-- TestCases.TestCase006 -->
