<?xml version="1.0" encoding="UTF-8"?>
<!-- Generated by org.testng.reporters.JUnitReportReporter -->
<testsuite skipped="0" hostname="DESKTOP-O3E0A86" name="TestCases.TestCase006_Parsing_Using_JsonPath_Complex_Resource" tests="2" failures="0" timestamp="2020-03-26T16:34:53 IST" time="7.516" errors="0">
  <testcase name="validateSpecificBody" time="3.053" classname="TestCases.TestCase006_Parsing_Using_JsonPath_Complex_Resource"/>
  <system-out/>
  <testcase name="validate4" time="4.463" classname="TestCases.TestCase006_Parsing_Using_JsonPath_Complex_Resource"/>
  <system-out/>
</testsuite> <!-- TestCases.TestCase006_Parsing_Using_JsonPath_Complex_Resource -->
