<?xml version="1.0" encoding="UTF-8"?>
<!-- Generated by org.testng.reporters.JUnitReportReporter -->
<testsuite skipped="0" hostname="DESKTOP-O3E0A86" name="TestCases.TestCase003" tests="2" failures="0" timestamp="2020-03-24T12:15:12 IST" time="2.652" errors="0">
  <testcase name="validatePost" time="1.695" classname="TestCases.TestCase003"/>
  <system-out/>
  <testcase name="validateResponse" time="0.957" classname="TestCases.TestCase003"/>
  <system-out/>
</testsuite> <!-- TestCases.TestCase003 -->
