<?xml version="1.0" encoding="UTF-8"?>
<!-- Generated by org.testng.reporters.JUnitReportReporter -->
<testsuite skipped="0" hostname="DESKTOP-O3E0A86" name="TestCases.TestCase004_Post_Request_Using_Param" tests="1" failures="0" timestamp="2020-03-26T16:34:53 IST" time="0.866" errors="0">
  <testcase name="validatePutUsingParams" time="0.866" classname="TestCases.TestCase004_Post_Request_Using_Param"/>
  <system-out/>
</testsuite> <!-- TestCases.TestCase004_Post_Request_Using_Param -->
