<?xml version="1.0" encoding="UTF-8"?>
<!-- Generated by org.testng.reporters.JUnitReportReporter -->
<testsuite skipped="0" hostname="DESKTOP-O3E0A86" name="TestCases.TestCase001" tests="2" failures="0" timestamp="2020-03-24T12:15:12 IST" time="4.112" errors="0">
  <testcase name="validateGet" time="1.724" classname="TestCases.TestCase001"/>
  <system-out/>
  <testcase name="validateEntireBody" time="2.388" classname="TestCases.TestCase001"/>
  <system-out/>
</testsuite> <!-- TestCases.TestCase001 -->
